#
# There is insufficient memory for the Java Runtime Environment to continue.
# Native memory allocation (malloc) failed to allocate 131088 bytes for Chunk::new
# Possible reasons:
#   The system is out of physical RAM or swap space
#   The process is running with CompressedOops enabled, and the Java Heap may be blocking the growth of the native heap
# Possible solutions:
#   Reduce memory load on the system
#   Increase physical memory or swap space
#   Check if swap backing store is full
#   Decrease Java heap size (-Xmx/-Xms)
#   Decrease number of Java threads
#   Decrease Java thread stack sizes (-Xss)
#   Set larger code cache with -XX:ReservedCodeCacheSize=
#   JVM is running with Zero Based Compressed Oops mode in which the Java heap is
#     placed in the first 32GB address space. The Java Heap base address is the
#     maximum limit for the native heap growth. Please use -XX:HeapBaseMinAddress
#     to set the Java Heap base and to place the Java Heap above 32GB virtual address.
# This output file may be truncated or incomplete.
#
#  Out of Memory Error (arena.cpp:184), pid=25248, tid=2856
#
# JRE version: Java(TM) SE Runtime Environment (18.0+36) (build 18+36-2087)
# Java VM: Java HotSpot(TM) 64-Bit Server VM (18+36-2087, mixed mode, sharing, tiered, compressed oops, compressed class ptrs, g1 gc, windows-amd64)
# No core dump will be written. Minidumps are not enabled by default on client versions of Windows
#

---------------  S U M M A R Y ------------

Command Line: -Dloader.path=D:\University\KPI\Design\Laba3\node1\management-center\bin\\user-lib\* --add-opens=java.base/java.lang=ALL-UNNAMED org.springframework.boot.loader.launch.PropertiesLauncher

Host: Intel(R) Core(TM) i5-9300H CPU @ 2.40GHz, 8 cores, 15G,  Windows 11 , 64 bit Build 26100 (10.0.26100.4202)
Time: Sun Jun 15 14:59:25 2025  Windows 11 , 64 bit Build 26100 (10.0.26100.4202) elapsed time: 31.938706 seconds (0d 0h 0m 31s)

---------------  T H R E A D  ---------------

Current thread (0x000001e1d4de0c40):  JavaThread "C2 CompilerThread0" daemon [_thread_in_native, id=2856, stack(0x0000000ac8300000,0x0000000ac8400000)]


Current CompileTask:
C2:  31938 10910       4       sun.util.locale.LanguageTag::parse (205 bytes)

Stack: [0x0000000ac8300000,0x0000000ac8400000]
Native frames: (J=compiled Java code, j=interpreted, Vv=VM code, C=native code)
V  [jvm.dll+0x69804a]
V  [jvm.dll+0x7f308d]
V  [jvm.dll+0x7f499e]
V  [jvm.dll+0x7f5053]
V  [jvm.dll+0x25ca3f]
V  [jvm.dll+0xb8c2f]
V  [jvm.dll+0xb8fa5]
V  [jvm.dll+0xb8d4b]
V  [jvm.dll+0x676c1c]
V  [jvm.dll+0x236669]
V  [jvm.dll+0x6bae5d]
V  [jvm.dll+0x231033]
V  [jvm.dll+0x22eeeb]
V  [jvm.dll+0x1b9cfc]
V  [jvm.dll+0x23e8ca]
V  [jvm.dll+0x23cbac]
V  [jvm.dll+0x7a5781]
V  [jvm.dll+0x79fbba]
V  [jvm.dll+0x696ef5]
C  [ucrtbase.dll+0x37b0]
C  [KERNEL32.DLL+0x2e8d7]
C  [ntdll.dll+0x3c34c]


---------------  P R O C E S S  ---------------

Threads class SMR info:
_java_thread_list=0x000001e1db01fc10, length=90, elements={
0x000001e1d4dbc050, 0x000001e1d4dbd170, 0x000001e1d4dda6d0, 0x000001e1d4ddac80,
0x000001e1d4ddbda0, 0x000001e1d4ddc350, 0x000001e1d4de0c40, 0x000001e1d4de4790,
0x000001e1d4dfa750, 0x000001e1d98f6090, 0x000001e1d98fa560, 0x000001e1d9ad3040,
0x000001e1db803350, 0x000001e1db802010, 0x000001e1db8029b0, 0x000001e1db8024e0,
0x000001e1db802e80, 0x000001e1db83a830, 0x000001e1db839e90, 0x000001e1db838b50,
0x000001e1db83ad00, 0x000001e1db837ce0, 0x000001e1db837340, 0x000001e1db83c510,
0x000001e1db8394f0, 0x000001e1db83b1d0, 0x000001e1db83b6a0, 0x000001e1db83bb70,
0x000001e1db8399c0, 0x000001e1db83c9e0, 0x000001e1db83ceb0, 0x000001e1db83d850,
0x000001e1db83d380, 0x000001e1db8381b0, 0x000001e1db83e1f0, 0x000001e1db83eb90,
0x000001e1db83dd20, 0x000001e1db83e6c0, 0x000001e1db803820, 0x000001e1dde0afc0,
0x000001e1dde092e0, 0x000001e1dde08470, 0x000001e1dde0b490, 0x000001e1dde097b0,
0x000001e1df846d20, 0x000001e1dde0be30, 0x000001e1dde08940, 0x000001e1dde0b960,
0x000001e1dde0a620, 0x000001e1dde08e10, 0x000001e1dde09c80, 0x000001e1dde0aaf0,
0x000001e1db839020, 0x000001e1de51e990, 0x000001e1de51dff0, 0x000001e1de51e4c0,
0x000001e1de51ee60, 0x000001e1de51d650, 0x000001e1de51db20, 0x000001e1de51b4a0,
0x000001e1de51f330, 0x000001e1de51ccb0, 0x000001e1de51b970, 0x000001e1de51be40,
0x000001e1de51c310, 0x000001e1de51f800, 0x000001e1de51c7e0, 0x000001e1de5201a0,
0x000001e1de520670, 0x000001e1de520b40, 0x000001e1de51fcd0, 0x000001e1de51d180,
0x000001e1de521010, 0x000001e1de5214e0, 0x000001e1de521e80, 0x000001e1de522820,
0x000001e1de5219b0, 0x000001e1de522350, 0x000001e1ddb0c390, 0x000001e1ddb0b9f0,
0x000001e1ddb0b520, 0x000001e1ddb0bec0, 0x000001e1ddb0cd30, 0x000001e1ddb0d200,
0x000001e1ddb0d6d0, 0x000001e1ddb0dba0, 0x000001e1ddb0e070, 0x000001e1ddb0ab80,
0x000001e1df843f90, 0x000001e1ddb0a6b0
}

Java Threads: ( => current thread )
  0x000001e1d4dbc050 JavaThread "Reference Handler" daemon [_thread_blocked, id=19400, stack(0x0000000ac7d00000,0x0000000ac7e00000)]
  0x000001e1d4dbd170 JavaThread "Finalizer" daemon [_thread_blocked, id=7508, stack(0x0000000ac7e00000,0x0000000ac7f00000)]
  0x000001e1d4dda6d0 JavaThread "Signal Dispatcher" daemon [_thread_blocked, id=18548, stack(0x0000000ac7f00000,0x0000000ac8000000)]
  0x000001e1d4ddac80 JavaThread "Attach Listener" daemon [_thread_blocked, id=26272, stack(0x0000000ac8000000,0x0000000ac8100000)]
  0x000001e1d4ddbda0 JavaThread "Service Thread" daemon [_thread_blocked, id=25564, stack(0x0000000ac8100000,0x0000000ac8200000)]
  0x000001e1d4ddc350 JavaThread "Monitor Deflation Thread" daemon [_thread_blocked, id=10272, stack(0x0000000ac8200000,0x0000000ac8300000)]
=>0x000001e1d4de0c40 JavaThread "C2 CompilerThread0" daemon [_thread_in_native, id=2856, stack(0x0000000ac8300000,0x0000000ac8400000)]
  0x000001e1d4de4790 JavaThread "C1 CompilerThread0" daemon [_thread_in_native, id=26208, stack(0x0000000ac8400000,0x0000000ac8500000)]
  0x000001e1d4dfa750 JavaThread "Sweeper thread" daemon [_thread_blocked, id=11764, stack(0x0000000ac8500000,0x0000000ac8600000)]
  0x000001e1d98f6090 JavaThread "Common-Cleaner" daemon [_thread_blocked, id=27176, stack(0x0000000ac8600000,0x0000000ac8700000)]
  0x000001e1d98fa560 JavaThread "Notification Thread" daemon [_thread_blocked, id=18816, stack(0x0000000ac8700000,0x0000000ac8800000)]
  0x000001e1d9ad3040 JavaThread "Cleaner-0" daemon [_thread_blocked, id=26012, stack(0x0000000ac8b00000,0x0000000ac8c00000)]
  0x000001e1db803350 JavaThread "ForkJoinPool.commonPool-worker-1" daemon [_thread_blocked, id=23980, stack(0x0000000ac9400000,0x0000000ac9500000)]
  0x000001e1db802010 JavaThread "ForkJoinPool.commonPool-worker-2" daemon [_thread_blocked, id=8384, stack(0x0000000ac9500000,0x0000000ac9600000)]
  0x000001e1db8029b0 JavaThread "ForkJoinPool.commonPool-worker-3" daemon [_thread_blocked, id=9764, stack(0x0000000ac9600000,0x0000000ac9700000)]
  0x000001e1db8024e0 JavaThread "ForkJoinPool.commonPool-worker-4" daemon [_thread_blocked, id=10020, stack(0x0000000ac9700000,0x0000000ac9800000)]
  0x000001e1db802e80 JavaThread "ForkJoinPool.commonPool-worker-5" daemon [_thread_blocked, id=15552, stack(0x0000000ac9800000,0x0000000ac9900000)]
  0x000001e1db83a830 JavaThread "ForkJoinPool.commonPool-worker-6" daemon [_thread_blocked, id=7420, stack(0x0000000ac9900000,0x0000000ac9a00000)]
  0x000001e1db839e90 JavaThread "ForkJoinPool.commonPool-worker-7" daemon [_thread_blocked, id=3856, stack(0x0000000ac9a00000,0x0000000ac9b00000)]
  0x000001e1db838b50 JavaThread "MVStore background writer C:/Users/dench/hazelcast-mc/metadata/mc.mv.db" daemon [_thread_blocked, id=10068, stack(0x0000000ac9300000,0x0000000ac9400000)]
  0x000001e1db83ad00 JavaThread "HikariPool-1 housekeeper" daemon [_thread_blocked, id=24164, stack(0x0000000ac9b00000,0x0000000ac9c00000)]
  0x000001e1db837ce0 JavaThread "H2-serialization" daemon [_thread_blocked, id=18716, stack(0x0000000ac9d00000,0x0000000ac9e00000)]
  0x000001e1db837340 JavaThread "H2-save" daemon [_thread_blocked, id=22716, stack(0x0000000ac9e00000,0x0000000ac9f00000)]
  0x000001e1db83c510 JavaThread "Cleaner-1" daemon [_thread_blocked, id=23308, stack(0x0000000aca000000,0x0000000aca100000)]
  0x000001e1db8394f0 JavaThread "qtp2007836519-34" [_thread_in_native, id=10800, stack(0x0000000aca100000,0x0000000aca200000)]
  0x000001e1db83b1d0 JavaThread "qtp2007836519-35" [_thread_in_native, id=4700, stack(0x0000000aca200000,0x0000000aca300000)]
  0x000001e1db83b6a0 JavaThread "qtp2007836519-36" [_thread_in_Java, id=9256, stack(0x0000000aca300000,0x0000000aca400000)]
  0x000001e1db83bb70 JavaThread "qtp2007836519-37" [_thread_blocked, id=26620, stack(0x0000000aca400000,0x0000000aca500000)]
  0x000001e1db8399c0 JavaThread "qtp2007836519-38-acceptor-0@1d34e39e-ServerConnector@13f31e48{HTTP/1.1, (http/1.1)}{0.0.0.0:8080}" [_thread_in_native, id=2120, stack(0x0000000aca500000,0x0000000aca600000)]
  0x000001e1db83c9e0 JavaThread "qtp2007836519-39" [_thread_in_native, id=1436, stack(0x0000000aca600000,0x0000000aca700000)]
  0x000001e1db83ceb0 JavaThread "qtp2007836519-40" [_thread_blocked, id=1568, stack(0x0000000aca700000,0x0000000aca800000)]
  0x000001e1db83d850 JavaThread "qtp2007836519-41" [_thread_blocked, id=24708, stack(0x0000000aca800000,0x0000000aca900000)]
  0x000001e1db83d380 JavaThread "Scheduler-1080945842-1" [_thread_blocked, id=24544, stack(0x0000000aca900000,0x0000000acaa00000)]
  0x000001e1db8381b0 JavaThread "DisabledLoginCleanupThread" daemon [_thread_blocked, id=22460, stack(0x0000000ac9c00000,0x0000000ac9d00000)]
  0x000001e1db83e1f0 JavaThread "MetricsPersistence" [_thread_blocked, id=26628, stack(0x0000000ac9f00000,0x0000000aca000000)]
  0x000001e1db83eb90 JavaThread "WanEventStoreCleanup" [_thread_blocked, id=23444, stack(0x0000000acae00000,0x0000000acaf00000)]
  0x000001e1db83dd20 JavaThread "DevClusterConnection" [_thread_blocked, id=7860, stack(0x0000000acaf00000,0x0000000acb000000)]
  0x000001e1db83e6c0 JavaThread "PendingSqlIterationTasksCleaner" [_thread_blocked, id=18648, stack(0x0000000acb000000,0x0000000acb100000)]
  0x000001e1db803820 JavaThread "ClientUpdater" [_thread_blocked, id=22928, stack(0x0000000acb100000,0x0000000acb200000)]
  0x000001e1dde0afc0 JavaThread "FreeDiskSpaceChecker" [_thread_blocked, id=10936, stack(0x0000000acb200000,0x0000000acb300000)]
  0x000001e1dde092e0 JavaThread "MetricsStorageStats" [_thread_blocked, id=23744, stack(0x0000000acb300000,0x0000000acb400000)]
  0x000001e1dde08470 JavaThread "PhoneHomeService" [_thread_blocked, id=15828, stack(0x0000000acb400000,0x0000000acb500000)]
  0x000001e1dde0b490 JavaThread "MessageBroker-1" [_thread_blocked, id=2968, stack(0x0000000acb500000,0x0000000acb600000)]
  0x000001e1dde097b0 JavaThread "MessageBroker-2" [_thread_blocked, id=11852, stack(0x0000000acb600000,0x0000000acb700000)]
  0x000001e1df846d20 JavaThread "C2 CompilerThread1" daemon [_thread_in_native, id=8400, stack(0x0000000ac8900000,0x0000000ac8a00000)]
  0x000001e1dde0be30 JavaThread "MC-Client-dev.lifecycle-1" [_thread_blocked, id=25896, stack(0x0000000acb700000,0x0000000acb800000)]
  0x000001e1dde08940 JavaThread "hz.MC-Client-dev.MetricsRegistry.thread-1" [_thread_blocked, id=14136, stack(0x0000000acb800000,0x0000000acb900000)]
  0x000001e1dde0b960 JavaThread "hz.MC-Client-dev.MetricsRegistry.thread-2" [_thread_blocked, id=24200, stack(0x0000000acb900000,0x0000000acba00000)]
  0x000001e1dde0a620 JavaThread "MC-Client-dev.internal-1" [_thread_blocked, id=8456, stack(0x0000000acba00000,0x0000000acbb00000)]
  0x000001e1dde08e10 JavaThread "hz.MC-Client-dev.IO.thread-in-0" [_thread_in_native, id=19204, stack(0x0000000acbb00000,0x0000000acbc00000)]
  0x000001e1dde09c80 JavaThread "hz.MC-Client-dev.IO.thread-out-0" [_thread_in_native, id=25224, stack(0x0000000acbc00000,0x0000000acbd00000)]
  0x000001e1dde0aaf0 JavaThread "MC-Client-dev.internal-2" [_thread_blocked, id=15716, stack(0x0000000acbd00000,0x0000000acbe00000)]
  0x000001e1db839020 JavaThread "MC-Client-dev.internal-1" [_thread_blocked, id=17272, stack(0x0000000acbe00000,0x0000000acbf00000)]
  0x000001e1de51e990 JavaThread "MC-Client-dev.internal-2" [_thread_blocked, id=14096, stack(0x0000000acbf00000,0x0000000acc000000)]
  0x000001e1de51dff0 JavaThread "MC-Client-dev.eventRegistration-" [_thread_blocked, id=24056, stack(0x0000000acc000000,0x0000000acc100000)]
  0x000001e1de51e4c0 JavaThread "MC-Client-dev.internal-3" [_thread_blocked, id=21524, stack(0x0000000acc200000,0x0000000acc300000)]
  0x000001e1de51ee60 JavaThread "DestroyJavaVM" [_thread_blocked, id=9012, stack(0x0000000ac7600000,0x0000000ac7700000)]
  0x000001e1de51d650 JavaThread "MC-Client-dev.internal-3" [_thread_blocked, id=12272, stack(0x0000000acad00000,0x0000000acae00000)]
  0x000001e1de51db20 JavaThread "MC-Client-dev.internal-4" [_thread_blocked, id=15884, stack(0x0000000acc300000,0x0000000acc400000)]
  0x000001e1de51b4a0 JavaThread "MC-Client-dev.event-3" [_thread_blocked, id=2872, stack(0x0000000acc400000,0x0000000acc500000)]
  0x000001e1de51f330 JavaThread "MC-Client-dev.event-1" [_thread_blocked, id=22112, stack(0x0000000acc500000,0x0000000acc600000)]
  0x000001e1de51ccb0 JavaThread "MC-Client-dev.event-4" [_thread_blocked, id=10440, stack(0x0000000acc600000,0x0000000acc700000)]
  0x000001e1de51b970 JavaThread "EventsConsumer-0" [_thread_blocked, id=26168, stack(0x0000000acc700000,0x0000000acc800000)]
  0x000001e1de51be40 JavaThread "EventsConsumer-1" [_thread_blocked, id=26848, stack(0x0000000acc800000,0x0000000acc900000)]
  0x000001e1de51c310 JavaThread "MC-Client-dev.responsethread-0-" [_thread_blocked, id=7012, stack(0x0000000acc900000,0x0000000acca00000)]
  0x000001e1de51f800 JavaThread "MC-Client-dev.responsethread-1-" [_thread_blocked, id=24156, stack(0x0000000acca00000,0x0000000accb00000)]
  0x000001e1de51c7e0 JavaThread "MetricsConsumer-0" [_thread_blocked, id=27596, stack(0x0000000accc00000,0x0000000accd00000)]
  0x000001e1de5201a0 JavaThread "MetricsConsumer-1" [_thread_blocked, id=25020, stack(0x0000000accd00000,0x0000000acce00000)]
  0x000001e1de520670 JavaThread "MetricsConsumer-2" [_thread_blocked, id=25412, stack(0x0000000acce00000,0x0000000accf00000)]
  0x000001e1de520b40 JavaThread "MetricsConsumer-3" [_thread_blocked, id=25800, stack(0x0000000accf00000,0x0000000acd000000)]
  0x000001e1de51fcd0 JavaThread "MetricsConsumer-4" [_thread_blocked, id=12764, stack(0x0000000acd000000,0x0000000acd100000)]
  0x000001e1de51d180 JavaThread "MetricsConsumer-5" [_thread_blocked, id=4304, stack(0x0000000acd100000,0x0000000acd200000)]
  0x000001e1de521010 JavaThread "MetricsConsumer-6" [_thread_blocked, id=18556, stack(0x0000000acd200000,0x0000000acd300000)]
  0x000001e1de5214e0 JavaThread "TimedMemberStateConsumer-0" [_thread_blocked, id=8564, stack(0x0000000acd300000,0x0000000acd400000)]
  0x000001e1de521e80 JavaThread "TimedMemberStateConsumer-1" [_thread_blocked, id=26896, stack(0x0000000acd400000,0x0000000acd500000)]
  0x000001e1de522820 JavaThread "ClientFilteringBroadcaster" [_thread_blocked, id=25096, stack(0x0000000acd500000,0x0000000acd600000)]
  0x000001e1de5219b0 JavaThread "ClientFilteringSynchronizer" [_thread_blocked, id=21024, stack(0x0000000acd600000,0x0000000acd700000)]
  0x000001e1de522350 JavaThread "MC-Client-dev.internal-5" [_thread_blocked, id=18580, stack(0x0000000acd700000,0x0000000acd800000)]
  0x000001e1ddb0c390 JavaThread "MC-Client-dev.internal-6" [_thread_blocked, id=26008, stack(0x0000000acd800000,0x0000000acd900000)]
  0x000001e1ddb0b9f0 JavaThread "MC-Client-dev.internal-7" [_thread_blocked, id=22668, stack(0x0000000acd900000,0x0000000acda00000)]
  0x000001e1ddb0b520 JavaThread "MC-Client-dev.internal-8" [_thread_blocked, id=7640, stack(0x0000000acda00000,0x0000000acdb00000)]
  0x000001e1ddb0bec0 JavaThread "MC-Client-dev.internal-9" [_thread_blocked, id=8616, stack(0x0000000acdb00000,0x0000000acdc00000)]
  0x000001e1ddb0cd30 JavaThread "MC-Client-dev.internal-10" [_thread_blocked, id=7932, stack(0x0000000acdc00000,0x0000000acdd00000)]
  0x000001e1ddb0d200 JavaThread "qtp2007836519-152" [_thread_in_native, id=23536, stack(0x0000000accb00000,0x0000000accc00000)]
  0x000001e1ddb0d6d0 JavaThread "qtp2007836519-153" [_thread_in_vm, id=23004, stack(0x0000000acdd00000,0x0000000acde00000)]
  0x000001e1ddb0dba0 JavaThread "qtp2007836519-154" [_thread_in_Java, id=6240, stack(0x0000000acde00000,0x0000000acdf00000)]
  0x000001e1ddb0e070 JavaThread "qtp2007836519-155" [_thread_blocked, id=10220, stack(0x0000000acdf00000,0x0000000ace000000)]
  0x000001e1ddb0ab80 JavaThread "HikariPool-1 connection adder" daemon [_thread_blocked, id=17796, stack(0x0000000ace000000,0x0000000ace100000)]
  0x000001e1df843f90 JavaThread "C2 CompilerThread2" daemon [_thread_in_native, id=2748, stack(0x0000000ace100000,0x0000000ace200000)]
  0x000001e1ddb0a6b0 JavaThread "qtp2007836519-157" [_thread_in_vm, id=22612, stack(0x0000000ace200000,0x0000000ace300000)]

Other Threads:
  0x000001e1d4db84e0 VMThread "VM Thread" [stack: 0x0000000ac7c00000,0x0000000ac7d00000] [id=21756]
  0x000001e1d98fde50 WatcherThread "VM Periodic Task Thread" [stack: 0x0000000ac8800000,0x0000000ac8900000] [id=25012]
  0x000001e1b2783630 WorkerThread "GC Thread#0" [stack: 0x0000000ac7700000,0x0000000ac7800000] [id=26416]
  0x000001e1d9de8620 WorkerThread "GC Thread#1" [stack: 0x0000000ac8c00000,0x0000000ac8d00000] [id=26904]
  0x000001e1d9de7e40 WorkerThread "GC Thread#2" [stack: 0x0000000ac8d00000,0x0000000ac8e00000] [id=20800]
  0x000001e1d9de90a0 WorkerThread "GC Thread#3" [stack: 0x0000000ac8e00000,0x0000000ac8f00000] [id=11848]
  0x000001e1d9de73c0 WorkerThread "GC Thread#4" [stack: 0x0000000ac8f00000,0x0000000ac9000000] [id=24856]
  0x000001e1d9de8e00 WorkerThread "GC Thread#5" [stack: 0x0000000ac9000000,0x0000000ac9100000] [id=25968]
  0x000001e1d9de7ba0 WorkerThread "GC Thread#6" [stack: 0x0000000ac9100000,0x0000000ac9200000] [id=2812]
  0x000001e1d9de88c0 WorkerThread "GC Thread#7" [stack: 0x0000000ac9200000,0x0000000ac9300000] [id=4452]
  0x000001e1b2794320 ConcurrentGCThread "G1 Main Marker" [stack: 0x0000000ac7800000,0x0000000ac7900000] [id=21264]
  0x000001e1b2795e80 WorkerThread "G1 Conc#0" [stack: 0x0000000ac7900000,0x0000000ac7a00000] [id=25432]
  0x000001e1d9de80e0 WorkerThread "G1 Conc#1" [stack: 0x0000000ac8a00000,0x0000000ac8b00000] [id=13600]
  0x000001e1b27cb160 ConcurrentGCThread "G1 Refine#0" [stack: 0x0000000ac7a00000,0x0000000ac7b00000] [id=20168]
  0x000001e1b27ce940 ConcurrentGCThread "G1 Service" [stack: 0x0000000ac7b00000,0x0000000ac7c00000] [id=21964]

Threads with active compile tasks:
C2 CompilerThread0    31991 10910       4       sun.util.locale.LanguageTag::parse (205 bytes)
C1 CompilerThread0    31991 11056       1       io.micrometer.observation.SimpleObservation$SimpleScope::getCurrentObservation (5 bytes)
C2 CompilerThread1    31992 11018       4       java.nio.ByteBuffer::put (48 bytes)
C2 CompilerThread2    31992 10909       4       java.util.Locale::forLanguageTag (74 bytes)

VM state: not at safepoint (normal execution)

VM Mutex/Monitor currently owned by a thread: None

Heap address: 0x0000000702400000, size: 4060 MB, Compressed Oops mode: Zero based, Oop shift amount: 3

CDS archive(s) mapped at: [0x0000000800000000-0x0000000800ba0000-0x0000000800ba0000), size 12189696, SharedBaseAddress: 0x0000000800000000, ArchiveRelocationMode: 0.
Compressed class space mapped at: 0x0000000800c00000-0x0000000840c00000, reserved size: 1073741824
Narrow klass base: 0x0000000800000000, Narrow klass shift: 0, Narrow klass range: 0x100000000

GC Precious Log:
 CardTable entry size: 512
 Card Set container configuration: InlinePtr #cards 4 size 8 Array Of Cards #cards 16 size 48 Howl #buckets 8 coarsen threshold 3686 Howl Bitmap #cards 512 size 80 coarsen threshold 460 Card regions per heap region 1 cards per card region 4096
 CPUs: 8 total, 8 available
 Memory: 16236M
 Large Page Support: Disabled
 NUMA Support: Disabled
 Compressed Oops: Enabled (Zero based)
 Heap Region Size: 2M
 Heap Min Capacity: 8M
 Heap Initial Capacity: 254M
 Heap Max Capacity: 4060M
 Pre-touch: Disabled
 Parallel Workers: 8
 Concurrent Workers: 2
 Concurrent Refinement Workers: 8
 Periodic GC: Disabled

Heap:
 garbage-first heap   total 274432K, used 165545K [0x0000000702400000, 0x0000000800000000)
  region size 2048K, 52 young (106496K), 2 survivors (4096K)
 Metaspace       used 98219K, committed 99392K, reserved 1179648K
  class space    used 12787K, committed 13376K, reserved 1048576K

Heap Regions: E=young(eden), S=young(survivor), O=old, HS=humongous(starts), HC=humongous(continues), CS=collection set, F=free, OA=open archive, CA=closed archive, TAMS=top-at-mark-start (previous, next)
|   0|0x0000000702400000, 0x0000000702600000, 0x0000000702600000|100%| O|  |TAMS 0x0000000702600000, 0x0000000702400000| Untracked 
|   1|0x0000000702600000, 0x0000000702800000, 0x0000000702800000|100%| O|  |TAMS 0x0000000702800000, 0x0000000702600000| Untracked 
|   2|0x0000000702800000, 0x0000000702a00000, 0x0000000702a00000|100%| O|  |TAMS 0x0000000702a00000, 0x0000000702800000| Untracked 
|   3|0x0000000702a00000, 0x0000000702c00000, 0x0000000702c00000|100%| O|  |TAMS 0x0000000702c00000, 0x0000000702a00000| Untracked 
|   4|0x0000000702c00000, 0x0000000702e00000, 0x0000000702e00000|100%| O|  |TAMS 0x0000000702e00000, 0x0000000702c00000| Untracked 
|   5|0x0000000702e00000, 0x0000000703000000, 0x0000000703000000|100%| O|  |TAMS 0x0000000703000000, 0x0000000702e00000| Untracked 
|   6|0x0000000703000000, 0x0000000703200000, 0x0000000703200000|100%| O|  |TAMS 0x0000000703200000, 0x0000000703000000| Untracked 
|   7|0x0000000703200000, 0x0000000703400000, 0x0000000703400000|100%|HS|  |TAMS 0x0000000703400000, 0x0000000703200000| Complete 
|   8|0x0000000703400000, 0x0000000703600000, 0x0000000703600000|100%| O|  |TAMS 0x0000000703600000, 0x0000000703400000| Untracked 
|   9|0x0000000703600000, 0x0000000703800000, 0x0000000703800000|100%| O|  |TAMS 0x0000000703800000, 0x0000000703600000| Untracked 
|  10|0x0000000703800000, 0x0000000703a00000, 0x0000000703a00000|100%| O|  |TAMS 0x0000000703a00000, 0x0000000703800000| Untracked 
|  11|0x0000000703a00000, 0x0000000703c00000, 0x0000000703c00000|100%| O|  |TAMS 0x0000000703c00000, 0x0000000703a00000| Untracked 
|  12|0x0000000703c00000, 0x0000000703da2000, 0x0000000703e00000| 81%| O|  |TAMS 0x0000000703da2000, 0x0000000703c00000| Untracked 
|  13|0x0000000703e00000, 0x0000000704000000, 0x0000000704000000|100%| O|  |TAMS 0x0000000704000000, 0x0000000703e00000| Untracked 
|  14|0x0000000704000000, 0x0000000704200000, 0x0000000704200000|100%| O|  |TAMS 0x0000000704200000, 0x0000000704000000| Untracked 
|  15|0x0000000704200000, 0x0000000704400000, 0x0000000704400000|100%| O|  |TAMS 0x0000000704400000, 0x0000000704200000| Untracked 
|  16|0x0000000704400000, 0x0000000704600000, 0x0000000704600000|100%| O|  |TAMS 0x0000000704600000, 0x0000000704400000| Untracked 
|  17|0x0000000704600000, 0x0000000704800000, 0x0000000704800000|100%| O|  |TAMS 0x0000000704800000, 0x0000000704600000| Untracked 
|  18|0x0000000704800000, 0x0000000704a00000, 0x0000000704a00000|100%| O|  |TAMS 0x0000000704a00000, 0x0000000704800000| Untracked 
|  19|0x0000000704a00000, 0x0000000704c00000, 0x0000000704c00000|100%| O|  |TAMS 0x0000000704c00000, 0x0000000704a00000| Untracked 
|  20|0x0000000704c00000, 0x0000000704e00000, 0x0000000704e00000|100%| O|  |TAMS 0x0000000704e00000, 0x0000000704c00000| Untracked 
|  21|0x0000000704e00000, 0x0000000705000000, 0x0000000705000000|100%| O|  |TAMS 0x0000000705000000, 0x0000000704e00000| Untracked 
|  22|0x0000000705000000, 0x0000000705000000, 0x0000000705200000|  0%| F|  |TAMS 0x0000000705000000, 0x0000000705000000| Untracked 
|  23|0x0000000705200000, 0x0000000705400000, 0x0000000705400000|100%| O|  |TAMS 0x0000000705400000, 0x0000000705200000| Untracked 
|  24|0x0000000705400000, 0x0000000705600000, 0x0000000705600000|100%| O|  |TAMS 0x0000000705600000, 0x0000000705400000| Untracked 
|  25|0x0000000705600000, 0x0000000705600000, 0x0000000705800000|  0%| F|  |TAMS 0x0000000705600000, 0x0000000705600000| Untracked 
|  26|0x0000000705800000, 0x0000000705a00000, 0x0000000705a00000|100%| O|  |TAMS 0x0000000705a00000, 0x0000000705800000| Untracked 
|  27|0x0000000705a00000, 0x0000000705c00000, 0x0000000705c00000|100%| O|  |TAMS 0x0000000705c00000, 0x0000000705a00000| Untracked 
|  28|0x0000000705c00000, 0x0000000705e00000, 0x0000000705e00000|100%| O|  |TAMS 0x0000000705c00000, 0x0000000705c00000| Untracked 
|  29|0x0000000705e00000, 0x0000000705ea7e00, 0x0000000706000000| 32%| O|  |TAMS 0x0000000705e00000, 0x0000000705e00000| Untracked 
|  30|0x0000000706000000, 0x0000000706000000, 0x0000000706200000|  0%| F|  |TAMS 0x0000000706000000, 0x0000000706000000| Untracked 
|  31|0x0000000706200000, 0x0000000706200000, 0x0000000706400000|  0%| F|  |TAMS 0x0000000706200000, 0x0000000706200000| Untracked 
|  32|0x0000000706400000, 0x0000000706400000, 0x0000000706600000|  0%| F|  |TAMS 0x0000000706400000, 0x0000000706400000| Untracked 
|  33|0x0000000706600000, 0x0000000706600000, 0x0000000706800000|  0%| F|  |TAMS 0x0000000706600000, 0x0000000706600000| Untracked 
|  34|0x0000000706800000, 0x0000000706800000, 0x0000000706a00000|  0%| F|  |TAMS 0x0000000706800000, 0x0000000706800000| Untracked 
|  35|0x0000000706a00000, 0x0000000706a00000, 0x0000000706c00000|  0%| F|  |TAMS 0x0000000706a00000, 0x0000000706a00000| Untracked 
|  36|0x0000000706c00000, 0x0000000706e00000, 0x0000000706e00000|100%| O|  |TAMS 0x0000000706e00000, 0x0000000706c00000| Untracked 
|  37|0x0000000706e00000, 0x0000000706e00000, 0x0000000707000000|  0%| F|  |TAMS 0x0000000706e00000, 0x0000000706e00000| Untracked 
|  38|0x0000000707000000, 0x0000000707000000, 0x0000000707200000|  0%| F|  |TAMS 0x0000000707000000, 0x0000000707000000| Untracked 
|  39|0x0000000707200000, 0x0000000707200000, 0x0000000707400000|  0%| F|  |TAMS 0x0000000707200000, 0x0000000707200000| Untracked 
|  40|0x0000000707400000, 0x0000000707400000, 0x0000000707600000|  0%| F|  |TAMS 0x0000000707400000, 0x0000000707400000| Untracked 
|  41|0x0000000707600000, 0x0000000707600000, 0x0000000707800000|  0%| F|  |TAMS 0x0000000707600000, 0x0000000707600000| Untracked 
|  42|0x0000000707800000, 0x0000000707800000, 0x0000000707a00000|  0%| F|  |TAMS 0x0000000707800000, 0x0000000707800000| Untracked 
|  43|0x0000000707a00000, 0x0000000707a00000, 0x0000000707c00000|  0%| F|  |TAMS 0x0000000707a00000, 0x0000000707a00000| Untracked 
|  44|0x0000000707c00000, 0x0000000707c00000, 0x0000000707e00000|  0%| F|  |TAMS 0x0000000707c00000, 0x0000000707c00000| Untracked 
|  45|0x0000000707e00000, 0x0000000708000000, 0x0000000708000000|100%| O|  |TAMS 0x0000000708000000, 0x0000000707e00000| Untracked 
|  46|0x0000000708000000, 0x0000000708200000, 0x0000000708200000|100%| O|  |TAMS 0x0000000708200000, 0x0000000708000000| Untracked 
|  47|0x0000000708200000, 0x00000007082a3e00, 0x0000000708400000| 32%| O|  |TAMS 0x00000007082a3e00, 0x0000000708200000| Untracked 
|  48|0x0000000708400000, 0x0000000708400000, 0x0000000708600000|  0%| F|  |TAMS 0x0000000708400000, 0x0000000708400000| Untracked 
|  49|0x0000000708600000, 0x0000000708600000, 0x0000000708800000|  0%| F|  |TAMS 0x0000000708600000, 0x0000000708600000| Untracked 
|  50|0x0000000708800000, 0x0000000708800000, 0x0000000708a00000|  0%| F|  |TAMS 0x0000000708800000, 0x0000000708800000| Untracked 
|  51|0x0000000708a00000, 0x0000000708a00000, 0x0000000708c00000|  0%| F|  |TAMS 0x0000000708a00000, 0x0000000708a00000| Untracked 
|  52|0x0000000708c00000, 0x0000000708c00000, 0x0000000708e00000|  0%| F|  |TAMS 0x0000000708c00000, 0x0000000708c00000| Untracked 
|  53|0x0000000708e00000, 0x0000000708e00000, 0x0000000709000000|  0%| F|  |TAMS 0x0000000708e00000, 0x0000000708e00000| Untracked 
|  54|0x0000000709000000, 0x0000000709000000, 0x0000000709200000|  0%| F|  |TAMS 0x0000000709000000, 0x0000000709000000| Untracked 
|  55|0x0000000709200000, 0x0000000709200000, 0x0000000709400000|  0%| F|  |TAMS 0x0000000709200000, 0x0000000709200000| Untracked 
|  56|0x0000000709400000, 0x0000000709400000, 0x0000000709600000|  0%| F|  |TAMS 0x0000000709400000, 0x0000000709400000| Untracked 
|  57|0x0000000709600000, 0x0000000709600000, 0x0000000709800000|  0%| F|  |TAMS 0x0000000709600000, 0x0000000709600000| Untracked 
|  58|0x0000000709800000, 0x0000000709800000, 0x0000000709a00000|  0%| F|  |TAMS 0x0000000709800000, 0x0000000709800000| Untracked 
|  59|0x0000000709a00000, 0x0000000709a00000, 0x0000000709c00000|  0%| F|  |TAMS 0x0000000709a00000, 0x0000000709a00000| Untracked 
|  60|0x0000000709c00000, 0x0000000709c00000, 0x0000000709e00000|  0%| F|  |TAMS 0x0000000709c00000, 0x0000000709c00000| Untracked 
|  61|0x0000000709e00000, 0x0000000709e00000, 0x000000070a000000|  0%| F|  |TAMS 0x0000000709e00000, 0x0000000709e00000| Untracked 
|  62|0x000000070a000000, 0x000000070a000000, 0x000000070a200000|  0%| F|  |TAMS 0x000000070a000000, 0x000000070a000000| Untracked 
|  63|0x000000070a200000, 0x000000070a200000, 0x000000070a400000|  0%| F|  |TAMS 0x000000070a200000, 0x000000070a200000| Untracked 
|  64|0x000000070a400000, 0x000000070a400000, 0x000000070a600000|  0%| F|  |TAMS 0x000000070a400000, 0x000000070a400000| Untracked 
|  65|0x000000070a600000, 0x000000070a6bc9a8, 0x000000070a800000| 36%| S|CS|TAMS 0x000000070a600000, 0x000000070a600000| Complete 
|  66|0x000000070a800000, 0x000000070aa00000, 0x000000070aa00000|100%| S|CS|TAMS 0x000000070a800000, 0x000000070a800000| Complete 
|  67|0x000000070aa00000, 0x000000070aa00000, 0x000000070ac00000|  0%| F|  |TAMS 0x000000070aa00000, 0x000000070aa00000| Untracked 
|  68|0x000000070ac00000, 0x000000070ac00000, 0x000000070ae00000|  0%| F|  |TAMS 0x000000070ac00000, 0x000000070ac00000| Untracked 
|  69|0x000000070ae00000, 0x000000070ae00000, 0x000000070b000000|  0%| F|  |TAMS 0x000000070ae00000, 0x000000070ae00000| Untracked 
|  70|0x000000070b000000, 0x000000070b000000, 0x000000070b200000|  0%| F|  |TAMS 0x000000070b000000, 0x000000070b000000| Untracked 
|  71|0x000000070b200000, 0x000000070b200000, 0x000000070b400000|  0%| F|  |TAMS 0x000000070b200000, 0x000000070b200000| Untracked 
|  72|0x000000070b400000, 0x000000070b400000, 0x000000070b600000|  0%| F|  |TAMS 0x000000070b400000, 0x000000070b400000| Untracked 
|  73|0x000000070b600000, 0x000000070b600000, 0x000000070b800000|  0%| F|  |TAMS 0x000000070b600000, 0x000000070b600000| Untracked 
|  74|0x000000070b800000, 0x000000070b800000, 0x000000070ba00000|  0%| F|  |TAMS 0x000000070b800000, 0x000000070b800000| Untracked 
|  75|0x000000070ba00000, 0x000000070ba00000, 0x000000070bc00000|  0%| F|  |TAMS 0x000000070ba00000, 0x000000070ba00000| Untracked 
|  76|0x000000070bc00000, 0x000000070bc00000, 0x000000070be00000|  0%| F|  |TAMS 0x000000070bc00000, 0x000000070bc00000| Untracked 
|  77|0x000000070be00000, 0x000000070be00000, 0x000000070c000000|  0%| F|  |TAMS 0x000000070be00000, 0x000000070be00000| Untracked 
|  78|0x000000070c000000, 0x000000070c000000, 0x000000070c200000|  0%| F|  |TAMS 0x000000070c000000, 0x000000070c000000| Untracked 
|  79|0x000000070c200000, 0x000000070c200000, 0x000000070c400000|  0%| F|  |TAMS 0x000000070c200000, 0x000000070c200000| Untracked 
|  80|0x000000070c400000, 0x000000070c400000, 0x000000070c600000|  0%| F|  |TAMS 0x000000070c400000, 0x000000070c400000| Untracked 
|  81|0x000000070c600000, 0x000000070c600000, 0x000000070c800000|  0%| F|  |TAMS 0x000000070c600000, 0x000000070c600000| Untracked 
|  82|0x000000070c800000, 0x000000070c800000, 0x000000070ca00000|  0%| F|  |TAMS 0x000000070c800000, 0x000000070c800000| Untracked 
|  83|0x000000070ca00000, 0x000000070ca00000, 0x000000070cc00000|  0%| F|  |TAMS 0x000000070ca00000, 0x000000070ca00000| Untracked 
|  84|0x000000070cc00000, 0x000000070ccf8220, 0x000000070ce00000| 48%| E|  |TAMS 0x000000070cc00000, 0x000000070cc00000| Complete 
|  85|0x000000070ce00000, 0x000000070d000000, 0x000000070d000000|100%| E|CS|TAMS 0x000000070ce00000, 0x000000070ce00000| Complete 
|  86|0x000000070d000000, 0x000000070d200000, 0x000000070d200000|100%| E|CS|TAMS 0x000000070d000000, 0x000000070d000000| Complete 
|  87|0x000000070d200000, 0x000000070d400000, 0x000000070d400000|100%| E|CS|TAMS 0x000000070d200000, 0x000000070d200000| Complete 
|  88|0x000000070d400000, 0x000000070d600000, 0x000000070d600000|100%| E|CS|TAMS 0x000000070d400000, 0x000000070d400000| Complete 
|  89|0x000000070d600000, 0x000000070d800000, 0x000000070d800000|100%| E|CS|TAMS 0x000000070d600000, 0x000000070d600000| Complete 
|  90|0x000000070d800000, 0x000000070da00000, 0x000000070da00000|100%| E|CS|TAMS 0x000000070d800000, 0x000000070d800000| Complete 
|  91|0x000000070da00000, 0x000000070dc00000, 0x000000070dc00000|100%| E|CS|TAMS 0x000000070da00000, 0x000000070da00000| Complete 
|  92|0x000000070dc00000, 0x000000070de00000, 0x000000070de00000|100%| E|CS|TAMS 0x000000070dc00000, 0x000000070dc00000| Complete 
|  93|0x000000070de00000, 0x000000070e000000, 0x000000070e000000|100%| E|CS|TAMS 0x000000070de00000, 0x000000070de00000| Complete 
|  94|0x000000070e000000, 0x000000070e200000, 0x000000070e200000|100%| E|CS|TAMS 0x000000070e000000, 0x000000070e000000| Complete 
|  95|0x000000070e200000, 0x000000070e400000, 0x000000070e400000|100%| E|CS|TAMS 0x000000070e200000, 0x000000070e200000| Complete 
|  96|0x000000070e400000, 0x000000070e600000, 0x000000070e600000|100%| E|CS|TAMS 0x000000070e400000, 0x000000070e400000| Complete 
|  97|0x000000070e600000, 0x000000070e800000, 0x000000070e800000|100%| E|CS|TAMS 0x000000070e600000, 0x000000070e600000| Complete 
|  98|0x000000070e800000, 0x000000070ea00000, 0x000000070ea00000|100%| E|CS|TAMS 0x000000070e800000, 0x000000070e800000| Complete 
|  99|0x000000070ea00000, 0x000000070ec00000, 0x000000070ec00000|100%| E|CS|TAMS 0x000000070ea00000, 0x000000070ea00000| Complete 
| 100|0x000000070ec00000, 0x000000070ee00000, 0x000000070ee00000|100%| E|CS|TAMS 0x000000070ec00000, 0x000000070ec00000| Complete 
| 101|0x000000070ee00000, 0x000000070f000000, 0x000000070f000000|100%| E|CS|TAMS 0x000000070ee00000, 0x000000070ee00000| Complete 
| 102|0x000000070f000000, 0x000000070f200000, 0x000000070f200000|100%| E|CS|TAMS 0x000000070f000000, 0x000000070f000000| Complete 
| 103|0x000000070f200000, 0x000000070f400000, 0x000000070f400000|100%| E|CS|TAMS 0x000000070f200000, 0x000000070f200000| Complete 
| 104|0x000000070f400000, 0x000000070f600000, 0x000000070f600000|100%| E|CS|TAMS 0x000000070f400000, 0x000000070f400000| Complete 
| 105|0x000000070f600000, 0x000000070f800000, 0x000000070f800000|100%| E|CS|TAMS 0x000000070f600000, 0x000000070f600000| Complete 
| 106|0x000000070f800000, 0x000000070fa00000, 0x000000070fa00000|100%| E|CS|TAMS 0x000000070f800000, 0x000000070f800000| Complete 
| 107|0x000000070fa00000, 0x000000070fc00000, 0x000000070fc00000|100%| E|CS|TAMS 0x000000070fa00000, 0x000000070fa00000| Complete 
| 108|0x000000070fc00000, 0x000000070fe00000, 0x000000070fe00000|100%| E|CS|TAMS 0x000000070fc00000, 0x000000070fc00000| Complete 
| 109|0x000000070fe00000, 0x0000000710000000, 0x0000000710000000|100%| E|CS|TAMS 0x000000070fe00000, 0x000000070fe00000| Complete 
| 110|0x0000000710000000, 0x0000000710200000, 0x0000000710200000|100%| E|CS|TAMS 0x0000000710000000, 0x0000000710000000| Complete 
| 111|0x0000000710200000, 0x0000000710400000, 0x0000000710400000|100%| E|CS|TAMS 0x0000000710200000, 0x0000000710200000| Complete 
| 112|0x0000000710400000, 0x0000000710600000, 0x0000000710600000|100%| E|CS|TAMS 0x0000000710400000, 0x0000000710400000| Complete 
| 113|0x0000000710600000, 0x0000000710800000, 0x0000000710800000|100%| E|CS|TAMS 0x0000000710600000, 0x0000000710600000| Complete 
| 114|0x0000000710800000, 0x0000000710a00000, 0x0000000710a00000|100%| E|CS|TAMS 0x0000000710800000, 0x0000000710800000| Complete 
| 115|0x0000000710a00000, 0x0000000710c00000, 0x0000000710c00000|100%| E|CS|TAMS 0x0000000710a00000, 0x0000000710a00000| Complete 
| 116|0x0000000710c00000, 0x0000000710e00000, 0x0000000710e00000|100%| E|CS|TAMS 0x0000000710c00000, 0x0000000710c00000| Complete 
| 117|0x0000000710e00000, 0x0000000711000000, 0x0000000711000000|100%| E|CS|TAMS 0x0000000710e00000, 0x0000000710e00000| Complete 
| 118|0x0000000711000000, 0x0000000711200000, 0x0000000711200000|100%| E|CS|TAMS 0x0000000711000000, 0x0000000711000000| Complete 
| 119|0x0000000711200000, 0x0000000711400000, 0x0000000711400000|100%| E|CS|TAMS 0x0000000711200000, 0x0000000711200000| Complete 
| 120|0x0000000711400000, 0x0000000711600000, 0x0000000711600000|100%| E|CS|TAMS 0x0000000711400000, 0x0000000711400000| Complete 
| 121|0x0000000711600000, 0x0000000711800000, 0x0000000711800000|100%| E|CS|TAMS 0x0000000711600000, 0x0000000711600000| Complete 
| 122|0x0000000711800000, 0x0000000711a00000, 0x0000000711a00000|100%| E|CS|TAMS 0x0000000711800000, 0x0000000711800000| Complete 
| 123|0x0000000711a00000, 0x0000000711c00000, 0x0000000711c00000|100%| E|CS|TAMS 0x0000000711a00000, 0x0000000711a00000| Complete 
| 124|0x0000000711c00000, 0x0000000711e00000, 0x0000000711e00000|100%| E|CS|TAMS 0x0000000711c00000, 0x0000000711c00000| Complete 
| 125|0x0000000711e00000, 0x0000000712000000, 0x0000000712000000|100%| E|CS|TAMS 0x0000000711e00000, 0x0000000711e00000| Complete 
| 126|0x0000000712000000, 0x0000000712200000, 0x0000000712200000|100%| E|CS|TAMS 0x0000000712000000, 0x0000000712000000| Complete 
| 127|0x0000000712200000, 0x0000000712400000, 0x0000000712400000|100%| E|CS|TAMS 0x0000000712200000, 0x0000000712200000| Complete 
| 128|0x0000000712400000, 0x0000000712600000, 0x0000000712600000|100%| E|CS|TAMS 0x0000000712400000, 0x0000000712400000| Complete 
| 129|0x0000000712600000, 0x0000000712800000, 0x0000000712800000|100%| E|CS|TAMS 0x0000000712600000, 0x0000000712600000| Complete 
| 137|0x0000000713600000, 0x0000000713800000, 0x0000000713800000|100%| E|CS|TAMS 0x0000000713600000, 0x0000000713600000| Complete 
| 138|0x0000000713800000, 0x0000000713a00000, 0x0000000713a00000|100%| E|CS|TAMS 0x0000000713800000, 0x0000000713800000| Complete 
| 139|0x0000000713a00000, 0x0000000713c00000, 0x0000000713c00000|100%| E|CS|TAMS 0x0000000713a00000, 0x0000000713a00000| Complete 
| 140|0x0000000713c00000, 0x0000000713e00000, 0x0000000713e00000|100%| E|CS|TAMS 0x0000000713c00000, 0x0000000713c00000| Complete 

Card table byte_map: [0x000001e1c9b50000,0x000001e1ca340000] _byte_map_base: 0x000001e1c633e000

Marking Bits (Prev, Next): (CMBitMap*) 0x000001e1b2783c70, (CMBitMap*) 0x000001e1b2783c30
 Prev Bits: [0x000001e1ceaa0000, 0x000001e1d2a10000)
 Next Bits: [0x000001e1cab30000, 0x000001e1ceaa0000)

Polling page: 0x000001e1b05e0000

Metaspace:

Usage:
  Non-class:     83.44 MB used.
      Class:     12.49 MB used.
       Both:     95.93 MB used.

Virtual space:
  Non-class space:      128.00 MB reserved,      84.00 MB ( 66%) committed,  2 nodes.
      Class space:        1.00 GB reserved,      13.06 MB (  1%) committed,  1 nodes.
             Both:        1.12 GB reserved,      97.06 MB (  8%) committed. 

Chunk freelists:
   Non-Class:  3.58 MB
       Class:  2.91 MB
        Both:  6.48 MB

MaxMetaspaceSize: unlimited
CompressedClassSpaceSize: 1.00 GB
Initial GC threshold: 21.00 MB
Current GC threshold: 126.69 MB
CDS: on
MetaspaceReclaimPolicy: balanced
 - commit_granule_bytes: 65536.
 - commit_granule_words: 8192.
 - virtual_space_node_default_size: 8388608.
 - enlarge_chunks_in_place: 1.
 - new_chunks_are_fully_committed: 0.
 - uncommit_free_chunks: 1.
 - use_allocation_guard: 0.


Internal statistics:

num_allocs_failed_limit: 9.
num_arena_births: 1906.
num_arena_deaths: 0.
num_vsnodes_births: 3.
num_vsnodes_deaths: 0.
num_space_committed: 1553.
num_space_uncommitted: 0.
num_chunks_returned_to_freelist: 9.
num_chunks_taken_from_freelist: 5554.
num_chunk_merges: 9.
num_chunk_splits: 3877.
num_chunks_enlarged: 2903.
num_inconsistent_stats: 0.

CodeHeap 'non-profiled nmethods': size=120000Kb used=6391Kb max_used=6391Kb free=113609Kb
 bounds [0x000001e1c1b00000, 0x000001e1c2140000, 0x000001e1c9030000]
CodeHeap 'profiled nmethods': size=120000Kb used=17378Kb max_used=17378Kb free=102621Kb
 bounds [0x000001e1ba5d0000, 0x000001e1bb6d0000, 0x000001e1c1b00000]
CodeHeap 'non-nmethods': size=5760Kb used=1513Kb max_used=1554Kb free=4246Kb
 bounds [0x000001e1ba030000, 0x000001e1ba2a0000, 0x000001e1ba5d0000]
 total_blobs=9750 nmethods=8868 adapters=794
 compilation: enabled
              stopped_count=0, restarted_count=0
 full_count=0

Compilation events (20 events):
Event: 29.899 Thread 0x000001e1d4de4790 nmethod 10993 0x000001e1c2136390 code [0x000001e1c2136520, 0x000001e1c21365f8]
Event: 29.899 Thread 0x000001e1d4de4790 11016       1       com.fasterxml.jackson.databind.AnnotationIntrospector::hasAsValueAnnotation (2 bytes)
Event: 29.899 Thread 0x000001e1d4de4790 nmethod 11016 0x000001e1c2136690 code [0x000001e1c2136820, 0x000001e1c21368f8]
Event: 29.899 Thread 0x000001e1d4de4790 11009       1       sun.nio.ch.SelectionKeyImpl::nioReadyOps (5 bytes)
Event: 29.899 Thread 0x000001e1d4de4790 nmethod 11009 0x000001e1c2136990 code [0x000001e1c2136b20, 0x000001e1c2136bf8]
Event: 29.899 Thread 0x000001e1d4de4790 11010       1       sun.nio.ch.SelectionKeyImpl::nioInterestOps (5 bytes)
Event: 29.899 Thread 0x000001e1d4de4790 nmethod 11010 0x000001e1c2136c90 code [0x000001e1c2136e20, 0x000001e1c2136ef8]
Event: 29.905 Thread 0x000001e1d4de4790 11024       3       java.util.regex.Pattern::lambda$union$4 (26 bytes)
Event: 29.906 Thread 0x000001e1d4de4790 nmethod 11024 0x000001e1bb6bb690 code [0x000001e1bb6bb840, 0x000001e1bb6bbb58]
Event: 29.906 Thread 0x000001e1d4de4790 11025       3       java.util.regex.Pattern$$Lambda$635/0x0000000800edffc8::is (13 bytes)
Event: 29.906 Thread 0x000001e1d4de4790 nmethod 11025 0x000001e1bb6bbc90 code [0x000001e1bb6bbe60, 0x000001e1bb6bc218]
Event: 29.906 Thread 0x000001e1d4de4790 11026       3       org.eclipse.jetty.server.Request$Wrapper::getHeaders (10 bytes)
Event: 29.906 Thread 0x000001e1d4de4790 nmethod 11026 0x000001e1bb6bc390 code [0x000001e1bb6bc540, 0x000001e1bb6bc7a8]
Event: 29.919 Thread 0x000001e1d4de4790 11027       3       java.security.AccessControlContext::combine (205 bytes)
Event: 29.921 Thread 0x000001e1d4de4790 nmethod 11027 0x000001e1bb6bc890 code [0x000001e1bb6bcac0, 0x000001e1bb6bd698]
Event: 29.926 Thread 0x000001e1d4de4790 11028       3       java.lang.invoke.VarHandleGuards::guard_L_J (74 bytes)
Event: 29.928 Thread 0x000001e1d4de4790 nmethod 11028 0x000001e1bb6bd990 code [0x000001e1bb6bdd00, 0x000001e1bb6bfb28]
Event: 29.928 Thread 0x000001e1d4de4790 11033       3       com.fasterxml.jackson.databind.deser.impl.PropertyBasedCreator::findCreatorProperty (12 bytes)
Event: 29.929 Thread 0x000001e1d4de4790 nmethod 11033 0x000001e1bb6c0390 code [0x000001e1bb6c0540, 0x000001e1bb6c0808]
Event: 29.929 Thread 0x000001e1d4de4790 11039       3       com.fasterxml.jackson.core.json.ReaderBasedJsonParser::_parseUnsignedNumber (161 bytes)

GC Heap History (20 events):
Event: 22.509 GC heap before
{Heap before GC invocations=32 (full 0):
 garbage-first heap   total 137216K, used 104624K [0x0000000702400000, 0x0000000800000000)
  region size 2048K, 26 young (53248K), 5 survivors (10240K)
 Metaspace       used 74134K, committed 75072K, reserved 1179648K
  class space    used 9110K, committed 9600K, reserved 1048576K
}
Event: 22.522 GC heap after
{Heap after GC invocations=33 (full 0):
 garbage-first heap   total 137216K, used 74007K [0x0000000702400000, 0x0000000800000000)
  region size 2048K, 4 young (8192K), 4 survivors (8192K)
 Metaspace       used 74134K, committed 75072K, reserved 1179648K
  class space    used 9110K, committed 9600K, reserved 1048576K
}
Event: 22.565 GC heap before
{Heap before GC invocations=33 (full 0):
 garbage-first heap   total 137216K, used 80151K [0x0000000702400000, 0x0000000800000000)
  region size 2048K, 9 young (18432K), 4 survivors (8192K)
 Metaspace       used 74134K, committed 75072K, reserved 1179648K
  class space    used 9110K, committed 9600K, reserved 1048576K
}
Event: 22.571 GC heap after
{Heap after GC invocations=34 (full 0):
 garbage-first heap   total 169984K, used 78993K [0x0000000702400000, 0x0000000800000000)
  region size 2048K, 2 young (4096K), 2 survivors (4096K)
 Metaspace       used 74134K, committed 75072K, reserved 1179648K
  class space    used 9110K, committed 9600K, reserved 1048576K
}
Event: 22.748 GC heap before
{Heap before GC invocations=34 (full 0):
 garbage-first heap   total 169984K, used 124049K [0x0000000702400000, 0x0000000800000000)
  region size 2048K, 24 young (49152K), 2 survivors (4096K)
 Metaspace       used 74174K, committed 75136K, reserved 1179648K
  class space    used 9110K, committed 9600K, reserved 1048576K
}
Event: 22.755 GC heap after
{Heap after GC invocations=35 (full 0):
 garbage-first heap   total 169984K, used 89464K [0x0000000702400000, 0x0000000800000000)
  region size 2048K, 3 young (6144K), 3 survivors (6144K)
 Metaspace       used 74174K, committed 75136K, reserved 1179648K
  class space    used 9110K, committed 9600K, reserved 1048576K
}
Event: 23.109 GC heap before
{Heap before GC invocations=35 (full 0):
 garbage-first heap   total 169984K, used 126328K [0x0000000702400000, 0x0000000800000000)
  region size 2048K, 22 young (45056K), 3 survivors (6144K)
 Metaspace       used 74585K, committed 75584K, reserved 1179648K
  class space    used 9181K, committed 9664K, reserved 1048576K
}
Event: 23.120 GC heap after
{Heap after GC invocations=36 (full 0):
 garbage-first heap   total 169984K, used 96946K [0x0000000702400000, 0x0000000800000000)
  region size 2048K, 3 young (6144K), 3 survivors (6144K)
 Metaspace       used 74585K, committed 75584K, reserved 1179648K
  class space    used 9181K, committed 9664K, reserved 1048576K
}
Event: 23.597 GC heap before
{Heap before GC invocations=37 (full 0):
 garbage-first heap   total 169984K, used 123570K [0x0000000702400000, 0x0000000800000000)
  region size 2048K, 18 young (36864K), 3 survivors (6144K)
 Metaspace       used 75487K, committed 76480K, reserved 1179648K
  class space    used 9313K, committed 9792K, reserved 1048576K
}
Event: 23.604 GC heap after
{Heap after GC invocations=38 (full 0):
 garbage-first heap   total 169984K, used 95180K [0x0000000702400000, 0x0000000800000000)
  region size 2048K, 1 young (2048K), 1 survivors (2048K)
 Metaspace       used 75487K, committed 76480K, reserved 1179648K
  class space    used 9313K, committed 9792K, reserved 1048576K
}
Event: 23.683 GC heap before
{Heap before GC invocations=38 (full 0):
 garbage-first heap   total 169984K, used 101324K [0x0000000702400000, 0x0000000800000000)
  region size 2048K, 4 young (8192K), 1 survivors (2048K)
 Metaspace       used 75604K, committed 76544K, reserved 1179648K
  class space    used 9333K, committed 9792K, reserved 1048576K
}
Event: 23.689 GC heap after
{Heap after GC invocations=39 (full 0):
 garbage-first heap   total 169984K, used 78503K [0x0000000702400000, 0x0000000800000000)
  region size 2048K, 1 young (2048K), 1 survivors (2048K)
 Metaspace       used 75604K, committed 76544K, reserved 1179648K
  class space    used 9333K, committed 9792K, reserved 1048576K
}
Event: 24.513 GC heap before
{Heap before GC invocations=39 (full 0):
 garbage-first heap   total 169984K, used 123559K [0x0000000702400000, 0x0000000800000000)
  region size 2048K, 23 young (47104K), 1 survivors (2048K)
 Metaspace       used 76456K, committed 77440K, reserved 1179648K
  class space    used 9452K, committed 9920K, reserved 1048576K
}
Event: 24.518 GC heap after
{Heap after GC invocations=40 (full 0):
 garbage-first heap   total 288768K, used 79130K [0x0000000702400000, 0x0000000800000000)
  region size 2048K, 1 young (2048K), 1 survivors (2048K)
 Metaspace       used 76456K, committed 77440K, reserved 1179648K
  class space    used 9452K, committed 9920K, reserved 1048576K
}
Event: 26.364 GC heap before
{Heap before GC invocations=41 (full 0):
 garbage-first heap   total 274432K, used 199962K [0x0000000702400000, 0x0000000800000000)
  region size 2048K, 64 young (131072K), 1 survivors (2048K)
 Metaspace       used 83577K, committed 84608K, reserved 1179648K
  class space    used 10688K, committed 11200K, reserved 1048576K
}
Event: 26.370 GC heap after
{Heap after GC invocations=42 (full 0):
 garbage-first heap   total 274432K, used 72687K [0x0000000702400000, 0x0000000800000000)
  region size 2048K, 2 young (4096K), 2 survivors (4096K)
 Metaspace       used 83577K, committed 84608K, reserved 1179648K
  class space    used 10688K, committed 11200K, reserved 1048576K
}
Event: 26.472 GC heap before
{Heap before GC invocations=42 (full 0):
 garbage-first heap   total 274432K, used 80879K [0x0000000702400000, 0x0000000800000000)
  region size 2048K, 6 young (12288K), 2 survivors (4096K)
 Metaspace       used 84142K, committed 85248K, reserved 1179648K
  class space    used 10773K, committed 11328K, reserved 1048576K
}
Event: 26.476 GC heap after
{Heap after GC invocations=43 (full 0):
 garbage-first heap   total 274432K, used 62832K [0x0000000702400000, 0x0000000800000000)
  region size 2048K, 1 young (2048K), 1 survivors (2048K)
 Metaspace       used 84142K, committed 85248K, reserved 1179648K
  class space    used 10773K, committed 11328K, reserved 1048576K
}
Event: 28.129 GC heap before
{Heap before GC invocations=43 (full 0):
 garbage-first heap   total 274432K, used 195952K [0x0000000702400000, 0x0000000800000000)
  region size 2048K, 67 young (137216K), 1 survivors (2048K)
 Metaspace       used 92207K, committed 93312K, reserved 1179648K
  class space    used 11964K, committed 12480K, reserved 1048576K
}
Event: 28.133 GC heap after
{Heap after GC invocations=44 (full 0):
 garbage-first heap   total 274432K, used 65193K [0x0000000702400000, 0x0000000800000000)
  region size 2048K, 2 young (4096K), 2 survivors (4096K)
 Metaspace       used 92207K, committed 93312K, reserved 1179648K
  class space    used 11964K, committed 12480K, reserved 1048576K
}

Deoptimization events (20 events):
Event: 29.578 Thread 0x000001e1db83b1d0 Uncommon trap: trap_request=0xffffff45 fr.pc=0x000001e1c1dba438 relative=0x0000000000000038
Event: 29.579 Thread 0x000001e1db83b1d0 Uncommon trap: reason=unstable_if action=reinterpret pc=0x000001e1c1dba438 method=java.util.IdentityHashMap.maskNull(Ljava/lang/Object;)Ljava/lang/Object; @ 1 c2
Event: 29.579 Thread 0x000001e1db83b1d0 DEOPT PACKING pc=0x000001e1c1dba438 sp=0x0000000aca2f9cb0
Event: 29.579 Thread 0x000001e1db83b1d0 DEOPT UNPACKING pc=0x000001e1ba0823a3 sp=0x0000000aca2f9c50 mode 2
Event: 29.579 Thread 0x000001e1db8394f0 Uncommon trap: trap_request=0xffffff45 fr.pc=0x000001e1c1b9c4d8 relative=0x00000000000000b8
Event: 29.579 Thread 0x000001e1db8394f0 Uncommon trap: reason=unstable_if action=reinterpret pc=0x000001e1c1b9c4d8 method=java.lang.Class.annotationData()Ljava/lang/Class$AnnotationData; @ 36 c2
Event: 29.579 Thread 0x000001e1db8394f0 DEOPT PACKING pc=0x000001e1c1b9c4d8 sp=0x0000000aca1f9290
Event: 29.579 Thread 0x000001e1db8394f0 DEOPT UNPACKING pc=0x000001e1ba0823a3 sp=0x0000000aca1f9240 mode 2
Event: 29.579 Thread 0x000001e1db8394f0 Uncommon trap: trap_request=0xffffff45 fr.pc=0x000001e1c1b9c4d8 relative=0x00000000000000b8
Event: 29.579 Thread 0x000001e1db8394f0 Uncommon trap: reason=unstable_if action=reinterpret pc=0x000001e1c1b9c4d8 method=java.lang.Class.annotationData()Ljava/lang/Class$AnnotationData; @ 36 c2
Event: 29.579 Thread 0x000001e1db8394f0 DEOPT PACKING pc=0x000001e1c1b9c4d8 sp=0x0000000aca1f93e0
Event: 29.579 Thread 0x000001e1db8394f0 DEOPT UNPACKING pc=0x000001e1ba0823a3 sp=0x0000000aca1f9390 mode 2
Event: 29.579 Thread 0x000001e1db8394f0 Uncommon trap: trap_request=0xffffff45 fr.pc=0x000001e1c1b9c4d8 relative=0x00000000000000b8
Event: 29.579 Thread 0x000001e1db8394f0 Uncommon trap: reason=unstable_if action=reinterpret pc=0x000001e1c1b9c4d8 method=java.lang.Class.annotationData()Ljava/lang/Class$AnnotationData; @ 36 c2
Event: 29.580 Thread 0x000001e1db8394f0 DEOPT PACKING pc=0x000001e1c1b9c4d8 sp=0x0000000aca1f9530
Event: 29.580 Thread 0x000001e1db8394f0 DEOPT UNPACKING pc=0x000001e1ba0823a3 sp=0x0000000aca1f94e0 mode 2
Event: 29.580 Thread 0x000001e1db8394f0 Uncommon trap: trap_request=0xffffff45 fr.pc=0x000001e1c1b9c4d8 relative=0x00000000000000b8
Event: 29.580 Thread 0x000001e1db8394f0 Uncommon trap: reason=unstable_if action=reinterpret pc=0x000001e1c1b9c4d8 method=java.lang.Class.annotationData()Ljava/lang/Class$AnnotationData; @ 36 c2
Event: 29.580 Thread 0x000001e1db8394f0 DEOPT PACKING pc=0x000001e1c1b9c4d8 sp=0x0000000aca1f9680
Event: 29.580 Thread 0x000001e1db8394f0 DEOPT UNPACKING pc=0x000001e1ba0823a3 sp=0x0000000aca1f9630 mode 2

Classes loaded (20 events):
Event: 29.247 Loading class sun/nio/ch/AllocatedNativeObject
Event: 29.247 Loading class sun/nio/ch/NativeObject
Event: 29.247 Loading class sun/nio/ch/NativeObject done
Event: 29.247 Loading class sun/nio/ch/AllocatedNativeObject done
Event: 29.247 Loading class sun/nio/ch/IOVecWrapper$Deallocator
Event: 29.247 Loading class sun/nio/ch/IOVecWrapper$Deallocator done
Event: 29.496 Loading class java/util/concurrent/locks/ReentrantReadWriteLock$Sync$HoldCounter
Event: 29.496 Loading class java/util/concurrent/locks/ReentrantReadWriteLock$Sync$HoldCounter done
Event: 29.524 Loading class java/time/format/DateTimeFormatterBuilder$ZoneTextPrinterParser
Event: 29.524 Loading class java/time/format/DateTimeFormatterBuilder$ZoneTextPrinterParser done
Event: 29.525 Loading class java/time/format/DateTimeFormatterBuilder$ReducedPrinterParser
Event: 29.525 Loading class java/time/format/DateTimeFormatterBuilder$ReducedPrinterParser done
Event: 29.586 Loading class java/util/concurrent/atomic/Striped64$Cell
Event: 29.586 Loading class java/util/concurrent/atomic/Striped64$Cell done
Event: 29.906 Loading class javax/xml/namespace/NamespaceContext
Event: 29.906 Loading class javax/xml/namespace/NamespaceContext done
Event: 29.922 Loading class com/sun/org/apache/xpath/internal/jaxp/JAXPPrefixResolver
Event: 29.923 Loading class com/sun/org/apache/xml/internal/utils/PrefixResolver
Event: 29.923 Loading class com/sun/org/apache/xml/internal/utils/PrefixResolver done
Event: 29.923 Loading class com/sun/org/apache/xpath/internal/jaxp/JAXPPrefixResolver done

Classes unloaded (0 events):
No events

Classes redefined (0 events):
No events

Internal exceptions (20 events):
Event: 29.137 Thread 0x000001e1db83ceb0 Exception <a 'sun/nio/fs/WindowsException'{0x000000070eb51920}> (0x000000070eb51920) 
thrown [t:\workspace\open\src\hotspot\share\prims\jni.cpp, line 516]
Event: 29.137 Thread 0x000001e1db83ceb0 Exception <a 'sun/nio/fs/WindowsException'{0x000000070eb51c80}> (0x000000070eb51c80) 
thrown [t:\workspace\open\src\hotspot\share\prims\jni.cpp, line 516]
Event: 29.236 Thread 0x000001e1db83ceb0 Exception <a 'sun/nio/fs/WindowsException'{0x000000070e6423e8}> (0x000000070e6423e8) 
thrown [t:\workspace\open\src\hotspot\share\prims\jni.cpp, line 516]
Event: 29.236 Thread 0x000001e1db83ceb0 Exception <a 'sun/nio/fs/WindowsException'{0x000000070e643720}> (0x000000070e643720) 
thrown [t:\workspace\open\src\hotspot\share\prims\jni.cpp, line 516]
Event: 29.236 Thread 0x000001e1db83ceb0 Exception <a 'sun/nio/fs/WindowsException'{0x000000070e643aa8}> (0x000000070e643aa8) 
thrown [t:\workspace\open\src\hotspot\share\prims\jni.cpp, line 516]
Event: 29.236 Thread 0x000001e1db83ceb0 Exception <a 'sun/nio/fs/WindowsException'{0x000000070e646180}> (0x000000070e646180) 
thrown [t:\workspace\open\src\hotspot\share\prims\jni.cpp, line 516]
Event: 29.236 Thread 0x000001e1db83ceb0 Exception <a 'sun/nio/fs/WindowsException'{0x000000070e646508}> (0x000000070e646508) 
thrown [t:\workspace\open\src\hotspot\share\prims\jni.cpp, line 516]
Event: 29.236 Thread 0x000001e1db83ceb0 Exception <a 'sun/nio/fs/WindowsException'{0x000000070e64be58}> (0x000000070e64be58) 
thrown [t:\workspace\open\src\hotspot\share\prims\jni.cpp, line 516]
Event: 29.236 Thread 0x000001e1db83ceb0 Exception <a 'sun/nio/fs/WindowsException'{0x000000070e64c1e0}> (0x000000070e64c1e0) 
thrown [t:\workspace\open\src\hotspot\share\prims\jni.cpp, line 516]
Event: 29.236 Thread 0x000001e1db83ceb0 Exception <a 'sun/nio/fs/WindowsException'{0x000000070e64fcb8}> (0x000000070e64fcb8) 
thrown [t:\workspace\open\src\hotspot\share\prims\jni.cpp, line 516]
Event: 29.237 Thread 0x000001e1db83ceb0 Exception <a 'sun/nio/fs/WindowsException'{0x000000070e650040}> (0x000000070e650040) 
thrown [t:\workspace\open\src\hotspot\share\prims\jni.cpp, line 516]
Event: 29.248 Thread 0x000001e1db83ceb0 Exception <a 'java/lang/IncompatibleClassChangeError'{0x000000070e70e938}: Found class java.lang.Object, but interface was expected> (0x000000070e70e938) 
thrown [t:\workspace\open\src\hotspot\share\interpreter\linkResolver.cpp, line 833]
Event: 29.250 Thread 0x000001e1db83ceb0 Exception <a 'java/lang/IncompatibleClassChangeError'{0x000000070e721540}: Found class java.lang.Object, but interface was expected> (0x000000070e721540) 
thrown [t:\workspace\open\src\hotspot\share\interpreter\linkResolver.cpp, line 833]
Event: 29.569 Thread 0x000001e1db8394f0 Exception <a 'java/lang/NoSuchMethodError'{0x000000070dae3b70}: 'java.lang.Object java.lang.invoke.DirectMethodHandle$Holder.invokeVirtual(java.lang.Object, java.lang.Object, int)'> (0x000000070dae3b70) 
thrown [t:\workspace\open\src\hotspot\share\interpreter\linkResolver.cpp, line 766]
Event: 29.569 Thread 0x000001e1db83b6a0 Exception <a 'java/lang/NoSuchMethodError'{0x000000070dcb0b78}: 'java.lang.Object java.lang.invoke.DirectMethodHandle$Holder.invokeVirtual(java.lang.Object, java.lang.Object, int)'> (0x000000070dcb0b78) 
thrown [t:\workspace\open\src\hotspot\share\interpreter\linkResolver.cpp, line 766]
Event: 29.612 Thread 0x000001e1db83b6a0 Exception <a 'java/lang/ClassNotFoundException'{0x000000070d633368}: com/hazelcast/webmonitor/model/sql/UserModelBeanInfo> (0x000000070d633368) 
thrown [t:\workspace\open\src\hotspot\share\classfile\systemDictionary.cpp, line 255]
Event: 29.627 Thread 0x000001e1db83b6a0 Exception <a 'java/lang/ClassNotFoundException'{0x000000070d40d3c8}: com/hazelcast/webmonitor/model/sql/UserModelCustomizer> (0x000000070d40d3c8) 
thrown [t:\workspace\open\src\hotspot\share\classfile\systemDictionary.cpp, line 255]
Event: 29.886 Thread 0x000001e1db83ceb0 Exception <a 'java/lang/NoSuchMethodError'{0x000000070d1331f0}: 'java.lang.Object java.lang.invoke.DirectMethodHandle$Holder.newInvokeSpecial(java.lang.Object, java.lang.Object, long, java.lang.Object, java.lang.Object)'> (0x000000070d1331f0) 
thrown [t:\workspace\open\src\hotspot\share\interpreter\linkResolver.cpp, line 766]
Event: 29.888 Thread 0x000001e1db83ceb0 Exception <a 'java/lang/NoSuchMethodError'{0x000000070d137e90}: 'java.lang.Object java.lang.invoke.DirectMethodHandle$Holder.invokeSpecial(java.lang.Object, java.lang.Object, java.lang.Object, long, java.lang.Object, java.lang.Object)'> (0x000000070d137e90) 
thrown [t:\workspace\open\src\hotspot\share\interpreter\linkResolver.cpp, line 766]
Event: 29.888 Thread 0x000001e1db83ceb0 Exception <a 'java/lang/NoSuchMethodError'{0x000000070d13c3d8}: 'java.lang.Object java.lang.invoke.Invokers$Holder.linkToTargetMethod(java.lang.Object, long, java.lang.Object, java.lang.Object, java.lang.Object)'> (0x000000070d13c3d8) 
thrown [t:\workspace\open\src\hotspot\share\interpreter\linkResolver.cpp, line 766]

VM Operations (20 events):
Event: 27.955 Executing VM operation: HandshakeAllThreads
Event: 27.963 Executing VM operation: HandshakeAllThreads done
Event: 28.129 Executing VM operation: G1CollectForAllocation
Event: 28.133 Executing VM operation: G1CollectForAllocation done
Event: 28.589 Executing VM operation: HandshakeAllThreads
Event: 28.589 Executing VM operation: HandshakeAllThreads done
Event: 28.613 Executing VM operation: HandshakeAllThreads
Event: 28.613 Executing VM operation: HandshakeAllThreads done
Event: 28.627 Executing VM operation: HandshakeAllThreads
Event: 28.627 Executing VM operation: HandshakeAllThreads done
Event: 29.141 Executing VM operation: ICBufferFull
Event: 29.142 Executing VM operation: ICBufferFull done
Event: 29.315 Executing VM operation: HandshakeAllThreads
Event: 29.316 Executing VM operation: HandshakeAllThreads done
Event: 29.344 Executing VM operation: HandshakeAllThreads
Event: 29.344 Executing VM operation: HandshakeAllThreads done
Event: 29.379 Executing VM operation: HandshakeAllThreads
Event: 29.380 Executing VM operation: HandshakeAllThreads done
Event: 30.394 Executing VM operation: Cleanup
Event: 30.938 Executing VM operation: Cleanup done

Events (20 events):
Event: 27.802 Thread 0x000001e1de521e80 Thread added: 0x000001e1de521e80
Event: 27.807 Thread 0x000001e1de522820 Thread added: 0x000001e1de522820
Event: 27.832 Thread 0x000001e1de5219b0 Thread added: 0x000001e1de5219b0
Event: 28.421 Thread 0x000001e1de522350 Thread added: 0x000001e1de522350
Event: 28.421 Thread 0x000001e1ddb0c390 Thread added: 0x000001e1ddb0c390
Event: 28.422 Thread 0x000001e1ddb0b9f0 Thread added: 0x000001e1ddb0b9f0
Event: 28.423 Thread 0x000001e1ddb0b520 Thread added: 0x000001e1ddb0b520
Event: 28.429 Thread 0x000001e1ddb0bec0 Thread added: 0x000001e1ddb0bec0
Event: 28.430 Thread 0x000001e1ddb0cd30 Thread added: 0x000001e1ddb0cd30
Event: 29.301 Thread 0x000001e1df843f90 Thread exited: 0x000001e1df843f90
Event: 29.410 Thread 0x000001e1d4dfa750 flushing nmethod 0x000001e1bb331910
Event: 29.476 Thread 0x000001e1ddb0d200 Thread added: 0x000001e1ddb0d200
Event: 29.476 Thread 0x000001e1ddb0d6d0 Thread added: 0x000001e1ddb0d6d0
Event: 29.492 Thread 0x000001e1ddb0dba0 Thread added: 0x000001e1ddb0dba0
Event: 29.493 Thread 0x000001e1ddb0e070 Thread added: 0x000001e1ddb0e070
Event: 29.523 Thread 0x000001e1ddb0ab80 Thread added: 0x000001e1ddb0ab80
Event: 29.524 Thread 0x000001e1df843570 Thread added: 0x000001e1df843570
Event: 29.774 Thread 0x000001e1df843570 Thread exited: 0x000001e1df843570
Event: 29.780 Thread 0x000001e1df843f90 Thread added: 0x000001e1df843f90
Event: 29.831 Thread 0x000001e1ddb0a6b0 Thread added: 0x000001e1ddb0a6b0


Dynamic libraries:
0x00007ff66a990000 - 0x00007ff66a9a0000 	C:\Program Files\Java\jdk-18\bin\java.exe
0x00007ffbd5e60000 - 0x00007ffbd60c5000 	C:\WINDOWS\SYSTEM32\ntdll.dll
0x00007ffbd4350000 - 0x00007ffbd4419000 	C:\WINDOWS\System32\KERNEL32.DLL
0x00007ffbd3260000 - 0x00007ffbd3648000 	C:\WINDOWS\System32\KERNELBASE.dll
0x00007ffbd3040000 - 0x00007ffbd318b000 	C:\WINDOWS\System32\ucrtbase.dll
0x00007ffbbcf50000 - 0x00007ffbbcf68000 	C:\Program Files\Java\jdk-18\bin\jli.dll
0x00007ffbb60c0000 - 0x00007ffbb60da000 	C:\Program Files\Java\jdk-18\bin\VCRUNTIME140.dll
0x00007ffbd5b40000 - 0x00007ffbd5bf3000 	C:\WINDOWS\System32\ADVAPI32.dll
0x00007ffbd4580000 - 0x00007ffbd4629000 	C:\WINDOWS\System32\msvcrt.dll
0x00007ffbd42a0000 - 0x00007ffbd4346000 	C:\WINDOWS\System32\sechost.dll
0x00007ffbd49f0000 - 0x00007ffbd4b05000 	C:\WINDOWS\System32\RPCRT4.dll
0x00007ffbd5c50000 - 0x00007ffbd5e1a000 	C:\WINDOWS\System32\USER32.dll
0x00007ffbd3190000 - 0x00007ffbd31b7000 	C:\WINDOWS\System32\win32u.dll
0x00007ffbbfc10000 - 0x00007ffbbfeaa000 	C:\WINDOWS\WinSxS\amd64_microsoft.windows.common-controls_6595b64144ccf1df_6.0.26100.4202_none_3e0698d4e335f517\COMCTL32.dll
0x00007ffbd5380000 - 0x00007ffbd53ab000 	C:\WINDOWS\System32\GDI32.dll
0x00007ffbd3700000 - 0x00007ffbd3837000 	C:\WINDOWS\System32\gdi32full.dll
0x00007ffbd3650000 - 0x00007ffbd36f3000 	C:\WINDOWS\System32\msvcp_win.dll
0x00007ffbbe490000 - 0x00007ffbbe49b000 	C:\WINDOWS\SYSTEM32\VERSION.dll
0x00007ffbd53b0000 - 0x00007ffbd53e0000 	C:\WINDOWS\System32\IMM32.DLL
0x00007ffbc2fc0000 - 0x00007ffbc2fcc000 	C:\Program Files\Java\jdk-18\bin\vcruntime140_1.dll
0x00007ffb5e370000 - 0x00007ffb5e3fd000 	C:\Program Files\Java\jdk-18\bin\msvcp140.dll
0x00007ffb15d70000 - 0x00007ffb16981000 	C:\Program Files\Java\jdk-18\bin\server\jvm.dll
0x00007ffbd3c80000 - 0x00007ffbd3c88000 	C:\WINDOWS\System32\PSAPI.DLL
0x00007ffbb1c60000 - 0x00007ffbb1c6a000 	C:\WINDOWS\SYSTEM32\WSOCK32.dll
0x00007ffbb9500000 - 0x00007ffbb9535000 	C:\WINDOWS\SYSTEM32\WINMM.dll
0x00007ffbd4ef0000 - 0x00007ffbd4f64000 	C:\WINDOWS\System32\WS2_32.dll
0x00007ffbd1d30000 - 0x00007ffbd1d4b000 	C:\WINDOWS\SYSTEM32\kernel.appcore.dll
0x00007ffbc0cb0000 - 0x00007ffbc0cba000 	C:\Program Files\Java\jdk-18\bin\jimage.dll
0x00007ffbd0660000 - 0x00007ffbd08a1000 	C:\WINDOWS\SYSTEM32\DBGHELP.DLL
0x00007ffbd4f70000 - 0x00007ffbd52f5000 	C:\WINDOWS\System32\combase.dll
0x00007ffbd4420000 - 0x00007ffbd4501000 	C:\WINDOWS\System32\OLEAUT32.dll
0x00007ffba04c0000 - 0x00007ffba04f9000 	C:\WINDOWS\SYSTEM32\dbgcore.DLL
0x00007ffbd31c0000 - 0x00007ffbd3259000 	C:\WINDOWS\System32\bcryptPrimitives.dll
0x00007ffbb5af0000 - 0x00007ffbb5b15000 	C:\Program Files\Java\jdk-18\bin\java.dll
0x00007ffb49dd0000 - 0x00007ffb49ea6000 	C:\Program Files\Java\jdk-18\bin\jsvml.dll
0x00007ffbd53f0000 - 0x00007ffbd5b32000 	C:\WINDOWS\System32\SHELL32.dll
0x00007ffbd39c0000 - 0x00007ffbd3b34000 	C:\WINDOWS\System32\wintypes.dll
0x00007ffbd0bf0000 - 0x00007ffbd1448000 	C:\WINDOWS\SYSTEM32\windows.storage.dll
0x00007ffbd4630000 - 0x00007ffbd4721000 	C:\WINDOWS\System32\SHCORE.dll
0x00007ffbd4510000 - 0x00007ffbd457a000 	C:\WINDOWS\System32\shlwapi.dll
0x00007ffbd2ec0000 - 0x00007ffbd2eef000 	C:\WINDOWS\SYSTEM32\profapi.dll
0x00007ffbb60a0000 - 0x00007ffbb60b3000 	C:\Program Files\Java\jdk-18\bin\net.dll
0x00007ffbc52c0000 - 0x00007ffbc53de000 	C:\WINDOWS\SYSTEM32\WINHTTP.dll
0x00007ffbd22a0000 - 0x00007ffbd230a000 	C:\WINDOWS\system32\mswsock.dll
0x00007ffbb5590000 - 0x00007ffbb55a6000 	C:\Program Files\Java\jdk-18\bin\nio.dll
0x00007ffbb0f70000 - 0x00007ffbb0f88000 	C:\Program Files\Java\jdk-18\bin\zip.dll
0x00007ffbbff40000 - 0x00007ffbbff49000 	C:\Program Files\Java\jdk-18\bin\management.dll
0x00007ffbbfb70000 - 0x00007ffbbfb7b000 	C:\Program Files\Java\jdk-18\bin\management_ext.dll
0x00007ffb82650000 - 0x00007ffb82668000 	C:\WINDOWS\system32\napinsp.dll
0x00007ffbd17d0000 - 0x00007ffbd18f7000 	C:\WINDOWS\SYSTEM32\DNSAPI.dll
0x00007ffbd1740000 - 0x00007ffbd1773000 	C:\WINDOWS\SYSTEM32\IPHLPAPI.DLL
0x00007ffbd3ca0000 - 0x00007ffbd3caa000 	C:\WINDOWS\System32\NSI.dll
0x00007ffb82540000 - 0x00007ffb82552000 	C:\WINDOWS\System32\winrnr.dll
0x00007ffba0270000 - 0x00007ffba02a0000 	C:\WINDOWS\system32\nlansp_c.dll
0x00007ffbc5260000 - 0x00007ffbc5280000 	C:\WINDOWS\system32\wshbth.dll
0x00007ffbc3ca0000 - 0x00007ffbc3cab000 	C:\Windows\System32\rasadhlp.dll
0x00007ffbc4750000 - 0x00007ffbc47d6000 	C:\WINDOWS\System32\fwpuclnt.dll
0x00007ffbbceb0000 - 0x00007ffbbcec0000 	C:\Program Files\Java\jdk-18\bin\verify.dll
0x00007ffbd2590000 - 0x00007ffbd25ab000 	C:\WINDOWS\SYSTEM32\CRYPTSP.dll
0x00007ffbd1c90000 - 0x00007ffbd1cca000 	C:\WINDOWS\system32\rsaenh.dll
0x00007ffbd2360000 - 0x00007ffbd238b000 	C:\WINDOWS\SYSTEM32\USERENV.dll
0x00007ffbd2e90000 - 0x00007ffbd2eb6000 	C:\WINDOWS\SYSTEM32\bcrypt.dll
0x00007ffbd25b0000 - 0x00007ffbd25bc000 	C:\WINDOWS\SYSTEM32\CRYPTBASE.dll
0x00007ffbc5290000 - 0x00007ffbc52af000 	C:\WINDOWS\SYSTEM32\dhcpcsvc6.DLL
0x00007ffbc5230000 - 0x00007ffbc5255000 	C:\WINDOWS\SYSTEM32\dhcpcsvc.DLL
0x00007ffb15560000 - 0x00007ffb15d66000 	C:\Users\dench\AppData\Local\Temp\librocksdbjni15187705373353269459.dll
0x00007ffbb5ae0000 - 0x00007ffbb5aee000 	C:\Program Files\Java\jdk-18\bin\sunmscapi.dll
0x00007ffbd3840000 - 0x00007ffbd39b7000 	C:\WINDOWS\System32\CRYPT32.dll
0x00007ffbd2840000 - 0x00007ffbd2870000 	C:\WINDOWS\SYSTEM32\ncrypt.dll
0x00007ffbd27d0000 - 0x00007ffbd280f000 	C:\WINDOWS\SYSTEM32\NTASN1.dll

dbghelp: loaded successfully - version: 4.0.5 - missing functions: none
symbol engine: initialized successfully - sym options: 0x614 - pdb path: .;C:\Program Files\Java\jdk-18\bin;C:\WINDOWS\SYSTEM32;C:\WINDOWS\WinSxS\amd64_microsoft.windows.common-controls_6595b64144ccf1df_6.0.26100.4202_none_3e0698d4e335f517;C:\Program Files\Java\jdk-18\bin\server;C:\Users\dench\AppData\Local\Temp

VM Arguments:
jvm_args: -Dloader.path=D:\University\KPI\Design\Laba3\node1\management-center\bin\\user-lib\* --add-opens=java.base/java.lang=ALL-UNNAMED 
java_command: org.springframework.boot.loader.launch.PropertiesLauncher
java_class_path (initial): D:\University\KPI\Design\Laba3\node1\management-center\bin\\..\hazelcast-management-center-5.5.0.jar
Launcher Type: SUN_STANDARD

[Global flags]
     intx CICompilerCount                          = 4                                         {product} {ergonomic}
     uint ConcGCThreads                            = 2                                         {product} {ergonomic}
     uint G1ConcRefinementThreads                  = 8                                         {product} {ergonomic}
   size_t G1HeapRegionSize                         = 2097152                                   {product} {ergonomic}
    uintx GCDrainStackTargetSize                   = 64                                        {product} {ergonomic}
   size_t InitialHeapSize                          = 266338304                                 {product} {ergonomic}
   size_t MarkStackSize                            = 4194304                                   {product} {ergonomic}
   size_t MaxHeapSize                              = 4257218560                                {product} {ergonomic}
   size_t MaxNewSize                               = 2554331136                                {product} {ergonomic}
   size_t MinHeapDeltaBytes                        = 2097152                                   {product} {ergonomic}
   size_t MinHeapSize                              = 8388608                                   {product} {ergonomic}
    uintx NonNMethodCodeHeapSize                   = 5839372                                {pd product} {ergonomic}
    uintx NonProfiledCodeHeapSize                  = 122909434                              {pd product} {ergonomic}
    uintx ProfiledCodeHeapSize                     = 122909434                              {pd product} {ergonomic}
    uintx ReservedCodeCacheSize                    = 251658240                              {pd product} {ergonomic}
     bool SegmentedCodeCache                       = true                                      {product} {ergonomic}
   size_t SoftMaxHeapSize                          = 4257218560                             {manageable} {ergonomic}
     bool UseCompressedClassPointers               = true                           {product lp64_product} {ergonomic}
     bool UseCompressedOops                        = true                           {product lp64_product} {ergonomic}
     bool UseG1GC                                  = true                                      {product} {ergonomic}
     bool UseLargePagesIndividualAllocation        = false                                  {pd product} {ergonomic}

Logging:
Log output configuration:
 #0: stdout all=warning uptime,level,tags foldmultilines=false
 #1: stderr all=off uptime,level,tags foldmultilines=false

Environment Variables:
PATH=C:\app\ORACLE\dbhomeXE\bin;D:\ORACLE\dbhomeXE\bin;C:\Program Files\Common Files\Oracle\Java\javapath;C:\Program Files (x86)\Common Files\Oracle\Java\java8path;C:\Program Files (x86)\Common Files\Oracle\Java\javapath;C:\Program Files (x86)\Common Files\Intel\Shared Libraries\redist\intel64\compiler;C:\Windows\system32;C:\Windows;C:\Windows\System32\Wbem;C:\Windows\System32\WindowsPowerShell\v1.0\;C:\Windows\System32\OpenSSH\;C:\WINDOWS\system32;C:\WINDOWS;C:\WINDOWS\System32\Wbem;C:\WINDOWS\System32\WindowsPowerShell\v1.0\;C:\WINDOWS\System32\OpenSSH\;C:\Program Files\dotnet\;C:\Program Files (x86)\NVIDIA Corporation\PhysX\Common;C:\Program Files\CMake\bin;C:\Program Files\Microsoft SQL Server\150\Tools\Binn\;C:\Program Files\Microsoft SQL Server\Client SDK\ODBC\170\Tools\Binn\;C:\Program Files\NVIDIA Corporation\NVIDIA app\NvDLISR;C:\Program Files\Git\cmd;C:\Users\dench\AppData\Local\Microsoft\WindowsApps;C:\Program Files (x86)\Nmap;C:\Users\dench\AppData\Local\Programs\Microsoft VS Code\bin;%USERPROFILE%\AppData\Local\Microsoft\WindowsApps;C:\Users\dench\AppData\Local\GitHubDesktop\bin
USERNAME=dench
OS=Windows_NT
PROCESSOR_IDENTIFIER=Intel64 Family 6 Model 158 Stepping 10, GenuineIntel



---------------  S Y S T E M  ---------------

OS:
 Windows 11 , 64 bit Build 26100 (10.0.26100.4202)
OS uptime: 2 days 6:09 hours
Hyper-V role detected

CPU: total 8 (initial active 8) (4 cores per cpu, 2 threads per core) family 6 model 158 stepping 10 microcode 0xde, cx8, cmov, fxsr, ht, mmx, 3dnowpref, sse, sse2, sse3, ssse3, sse4.1, sse4.2, popcnt, lzcnt, tsc, tscinvbit, avx, avx2, aes, erms, clmul, bmi1, bmi2, adx, fma, vzeroupper, clflush, clflushopt, hv

Memory: 4k page, system-wide physical 16236M (3133M free)
TotalPageFile size 32620M (AvailPageFile size 103M)
current process WorkingSet (physical memory assigned to process): 524M, peak: 550M
current process commit charge ("private bytes"): 557M, peak: 583M

vm_info: Java HotSpot(TM) 64-Bit Server VM (18+36-2087) for windows-amd64 JRE (18+36-2087), built on Feb 15 2022 09:43:11 by "mach5one" with MS VC++ 16.8 / 16.9 (VS2019)

END.
